[debug] [2021-07-04T18:52:52.799Z] ----------------------------------------------------------------------
[debug] [2021-07-04T18:52:52.802Z] Command:       C:\Program Files\nodejs\node.exe C:\Users\Shreya\AppData\Roaming\npm\node_modules\firebase-tools\lib\bin\firebase.js login --interactive
[debug] [2021-07-04T18:52:52.803Z] CLI Version:   9.14.0
[debug] [2021-07-04T18:52:52.803Z] Platform:      win32
[debug] [2021-07-04T18:52:52.803Z] Node Version:  v14.17.0
[debug] [2021-07-04T18:52:52.805Z] Time:          Mon Jul 05 2021 00:22:52 GMT+0530 (India Standard Time)
[debug] [2021-07-04T18:52:52.806Z] ----------------------------------------------------------------------
[debug] 
[info] i  Firebase optionally collects CLI usage and error reporting information to help improve our products. Data is collected in accordance with Google's privacy policy (https://policies.google.com/privacy) and is not used to identify you.
 
[info] i  To change your data collection preference at any time, run `firebase logout` and log in again. 
[info] 
[info] Visit this URL on this device to log in:
[info] https://accounts.google.com/o/oauth2/auth?client_id=563584335869-fgrhgmd47bqnekij5i8b5pr03ho849e6.apps.googleusercontent.com&scope=email%20openid%20https%3A%2F%2Fwww.googleapis.com%2Fauth%2Fcloudplatformprojects.readonly%20https%3A%2F%2Fwww.googleapis.com%2Fauth%2Ffirebase%20https%3A%2F%2Fwww.googleapis.com%2Fauth%2Fcloud-platform&response_type=code&state=645735395&redirect_uri=http%3A%2F%2Flocalhost%3A9005
[info] 
[info] Waiting for authentication...
[debug] [2021-07-04T18:52:57.529Z] Error: spawn cmd ENOENT
    at Process.ChildProcess._handle.onexit (internal/child_process.js:269:19)
    at onErrorNT (internal/child_process.js:467:16)
    at processTicksAndRejections (internal/process/task_queues.js:82:21)
[error] 
[error] Error: An unexpected error has occurred.
[debug] [2021-07-04T18:53:02.834Z] ----------------------------------------------------------------------
[debug] [2021-07-04T18:53:02.836Z] Command:       C:\Program Files\nodejs\node.exe C:\Users\Shreya\AppData\Roaming\npm\node_modules\firebase-tools\lib\bin\firebase.js login --interactive
[debug] [2021-07-04T18:53:02.837Z] CLI Version:   9.14.0
[debug] [2021-07-04T18:53:02.837Z] Platform:      win32
[debug] [2021-07-04T18:53:02.837Z] Node Version:  v14.17.0
[debug] [2021-07-04T18:53:02.838Z] Time:          Mon Jul 05 2021 00:23:02 GMT+0530 (India Standard Time)
[debug] [2021-07-04T18:53:02.838Z] ----------------------------------------------------------------------
[debug] 
[info] i  Firebase optionally collects CLI usage and error reporting information to help improve our products. Data is collected in accordance with Google's privacy policy (https://policies.google.com/privacy) and is not used to identify you.
 
[info] 
[info] Visit this URL on this device to log in:
[info] https://accounts.google.com/o/oauth2/auth?client_id=563584335869-fgrhgmd47bqnekij5i8b5pr03ho849e6.apps.googleusercontent.com&scope=email%20openid%20https%3A%2F%2Fwww.googleapis.com%2Fauth%2Fcloudplatformprojects.readonly%20https%3A%2F%2Fwww.googleapis.com%2Fauth%2Ffirebase%20https%3A%2F%2Fwww.googleapis.com%2Fauth%2Fcloud-platform&response_type=code&state=27902084&redirect_uri=http%3A%2F%2Flocalhost%3A9005
[info] 
[info] Waiting for authentication...
[debug] [2021-07-04T18:53:04.407Z] Error: spawn cmd ENOENT
    at Process.ChildProcess._handle.onexit (internal/child_process.js:269:19)
    at onErrorNT (internal/child_process.js:467:16)
    at processTicksAndRejections (internal/process/task_queues.js:82:21)
[error] 
[error] Error: An unexpected error has occurred.
[debug] [2021-07-05T06:22:22.431Z] ----------------------------------------------------------------------
[debug] [2021-07-05T06:22:22.494Z] Command:       C:\Program Files\nodejs\node.exe C:\Users\Shreya\AppData\Roaming\npm\node_modules\firebase-tools\lib\bin\firebase.js login
[debug] [2021-07-05T06:22:22.495Z] CLI Version:   9.14.0
[debug] [2021-07-05T06:22:22.495Z] Platform:      win32
[debug] [2021-07-05T06:22:22.495Z] Node Version:  v14.17.0
[debug] [2021-07-05T06:22:22.611Z] Time:          Mon Jul 05 2021 11:52:22 GMT+0530 (India Standard Time)
[debug] [2021-07-05T06:22:22.612Z] ----------------------------------------------------------------------
[debug] 
[info] i  Firebase optionally collects CLI usage and error reporting information to help improve our products. Data is collected in accordance with Google's privacy policy (https://policies.google.com/privacy) and is not used to identify you.
 
[info] i  To change your data collection preference at any time, run `firebase logout` and log in again. 
[info] 
[info] Visit this URL on this device to log in:
[info] https://accounts.google.com/o/oauth2/auth?client_id=563584335869-fgrhgmd47bqnekij5i8b5pr03ho849e6.apps.googleusercontent.com&scope=email%20openid%20https%3A%2F%2Fwww.googleapis.com%2Fauth%2Fcloudplatformprojects.readonly%20https%3A%2F%2Fwww.googleapis.com%2Fauth%2Ffirebase%20https%3A%2F%2Fwww.googleapis.com%2Fauth%2Fcloud-platform&response_type=code&state=70511917&redirect_uri=http%3A%2F%2Flocalhost%3A9005
[info] 
[info] Waiting for authentication...
[debug] [2021-07-05T06:24:53.218Z] Error: spawn cmd ENOENT
    at Process.ChildProcess._handle.onexit (internal/child_process.js:269:19)
    at onErrorNT (internal/child_process.js:467:16)
    at processTicksAndRejections (internal/process/task_queues.js:82:21)
[error] 
[error] Error: An unexpected error has occurred.
